{
  "RSpec": {
    "coverage": {
      "/Users/drewproebstel/turing/rmodule/whether_sweater/config/environment.rb": {
        "lines": [
          null,
          1,
          null,
          null,
          1
        ]
      },
      "/Users/drewproebstel/turing/rmodule/whether_sweater/config/application.rb": {
        "lines": [
          1,
          null,
          1,
          null,
          1,
          1,
          1,
          1,
          1,
          1,
          1,
          1,
          null,
          null,
          null,
          null,
          null,
          1,
          null,
          1,
          1,
          null,
          1,
          null,
          null,
          null,
          null,
          null,
          null,
          null,
          null,
          null,
          1,
          null,
          null
        ]
      },
      "/Users/drewproebstel/turing/rmodule/whether_sweater/config/boot.rb": {
        "lines": [
          1,
          null,
          1,
          1
        ]
      },
      "/Users/drewproebstel/turing/rmodule/whether_sweater/config/environments/test.rb": {
        "lines": [
          1,
          null,
          null,
          null,
          null,
          null,
          null,
          1,
          null,
          null,
          null,
          null,
          1,
          null,
          null,
          1,
          1,
          null,
          null,
          null,
          null,
          1,
          1,
          null,
          null,
          1,
          null,
          null,
          1,
          null,
          null,
          1,
          null,
          1,
          null,
          null,
          null,
          null,
          1,
          null,
          null,
          1,
          null,
          null,
          null,
          null
        ]
      },
      "/Users/drewproebstel/turing/rmodule/whether_sweater/config/initializers/application_controller_renderer.rb": {
        "lines": [
          null,
          null,
          null,
          null,
          null,
          null,
          null,
          null
        ]
      },
      "/Users/drewproebstel/turing/rmodule/whether_sweater/config/initializers/backtrace_silencers.rb": {
        "lines": [
          null,
          null,
          null,
          null,
          null,
          null,
          null
        ]
      },
      "/Users/drewproebstel/turing/rmodule/whether_sweater/config/initializers/cors.rb": {
        "lines": [
          null,
          null,
          null,
          null,
          null,
          null,
          null,
          null,
          null,
          null,
          null,
          null,
          null,
          null,
          null,
          null
        ]
      },
      "/Users/drewproebstel/turing/rmodule/whether_sweater/config/initializers/filter_parameter_logging.rb": {
        "lines": [
          null,
          null,
          null,
          1
        ]
      },
      "/Users/drewproebstel/turing/rmodule/whether_sweater/config/initializers/inflections.rb": {
        "lines": [
          null,
          null,
          null,
          null,
          null,
          null,
          null,
          null,
          null,
          null,
          null,
          null,
          null,
          null,
          null,
          null
        ]
      },
      "/Users/drewproebstel/turing/rmodule/whether_sweater/config/initializers/mime_types.rb": {
        "lines": [
          null,
          null,
          null,
          null
        ]
      },
      "/Users/drewproebstel/turing/rmodule/whether_sweater/config/initializers/wrap_parameters.rb": {
        "lines": [
          null,
          null,
          null,
          null,
          null,
          null,
          1,
          2,
          null,
          null,
          null,
          null,
          null,
          null
        ]
      },
      "/Users/drewproebstel/turing/rmodule/whether_sweater/config/routes.rb": {
        "lines": [
          1,
          1,
          1,
          1,
          1,
          1,
          1,
          null,
          null,
          null
        ]
      },
      "/Users/drewproebstel/turing/rmodule/whether_sweater/app/facades/forecast_facade.rb": {
        "lines": [
          1,
          1,
          1,
          1,
          1,
          5,
          null,
          1,
          8,
          null,
          1,
          null,
          null,
          1,
          1,
          1,
          1,
          8,
          null,
          1,
          48,
          null,
          1,
          null,
          null
        ]
      },
      "/Users/drewproebstel/turing/rmodule/whether_sweater/spec/facades/map_quest_facade_spec.rb": {
        "lines": [
          1,
          null,
          1,
          1,
          1,
          1,
          null,
          1,
          1,
          1,
          null,
          null,
          null
        ]
      },
      "/Users/drewproebstel/turing/rmodule/whether_sweater/app/facades/map_quest_facade.rb": {
        "lines": [
          1,
          1,
          2,
          2,
          null,
          null,
          1,
          1,
          1,
          null,
          null
        ]
      },
      "/Users/drewproebstel/turing/rmodule/whether_sweater/spec/requests/road_trip_request_spec.rb": {
        "lines": [
          1,
          null,
          1,
          1,
          1,
          1,
          null,
          1,
          null,
          null,
          null,
          null,
          null,
          1,
          null,
          1,
          null,
          1,
          null,
          1,
          1,
          1,
          1,
          1,
          1,
          null,
          null,
          null
        ]
      },
      "/Users/drewproebstel/turing/rmodule/whether_sweater/spec/requests/user_login_spec.rb": {
        "lines": [
          1,
          null,
          1,
          1,
          1,
          null,
          1,
          null,
          null,
          null,
          null,
          1,
          null,
          1,
          null,
          null,
          1,
          null,
          1,
          1,
          1,
          1,
          null,
          null,
          1,
          1,
          null,
          1,
          null,
          null,
          null,
          null,
          1,
          null,
          1,
          null,
          null,
          1,
          null,
          1,
          null,
          null,
          null
        ]
      },
      "/Users/drewproebstel/turing/rmodule/whether_sweater/spec/requests/user_registration_request_spec.rb": {
        "lines": [
          1,
          null,
          1,
          1,
          null,
          1,
          null,
          null,
          null,
          null,
          1,
          null,
          1,
          null,
          1,
          1,
          null,
          1,
          null,
          1,
          1,
          1,
          1,
          null,
          null
        ]
      },
      "/Users/drewproebstel/turing/rmodule/whether_sweater/spec/services/forecast_service_spec.rb": {
        "lines": [
          1,
          1,
          1,
          1,
          null,
          1,
          1,
          1,
          null,
          null,
          null
        ]
      },
      "/Users/drewproebstel/turing/rmodule/whether_sweater/app/services/forecast_service.rb": {
        "lines": [
          1,
          1,
          3,
          3,
          3,
          3,
          null,
          3,
          null,
          null
        ]
      },
      "/Users/drewproebstel/turing/rmodule/whether_sweater/spec/services/map_quest_service_spec.rb": {
        "lines": [
          1,
          1,
          1,
          1,
          null,
          1,
          1,
          1,
          1,
          null,
          null,
          null
        ]
      },
      "/Users/drewproebstel/turing/rmodule/whether_sweater/app/services/map_quest_service.rb": {
        "lines": [
          1,
          1,
          3,
          3,
          3,
          null,
          3,
          null,
          null,
          1,
          1,
          1,
          1,
          1,
          null,
          1,
          null,
          null
        ]
      },
      "/Users/drewproebstel/turing/rmodule/whether_sweater/app/poros/current_weather.rb": {
        "lines": [
          1,
          1,
          1,
          2,
          2,
          2,
          2,
          2,
          2,
          2,
          2,
          2,
          2,
          null,
          null
        ]
      },
      "/Users/drewproebstel/turing/rmodule/whether_sweater/app/poros/daily_weather.rb": {
        "lines": [
          1,
          1,
          1,
          13,
          13,
          13,
          13,
          13,
          13,
          13,
          null,
          null
        ]
      },
      "/Users/drewproebstel/turing/rmodule/whether_sweater/app/poros/hourly_weather.rb": {
        "lines": [
          1,
          1,
          1,
          56,
          56,
          56,
          56,
          56,
          null,
          null
        ]
      },
      "/Users/drewproebstel/turing/rmodule/whether_sweater/app/models/user.rb": {
        "lines": [
          1,
          1,
          1,
          null,
          null,
          1,
          1,
          null,
          1,
          4,
          null,
          null
        ]
      },
      "/Users/drewproebstel/turing/rmodule/whether_sweater/app/models/application_record.rb": {
        "lines": [
          1,
          1,
          null
        ]
      },
      "/Users/drewproebstel/turing/rmodule/whether_sweater/app/controllers/api/v1/road_trip_controller.rb": {
        "lines": [
          1,
          1,
          1,
          1,
          1,
          1,
          null,
          null,
          1,
          null,
          null,
          null,
          null
        ]
      },
      "/Users/drewproebstel/turing/rmodule/whether_sweater/app/controllers/application_controller.rb": {
        "lines": [
          1,
          null
        ]
      },
      "/Users/drewproebstel/turing/rmodule/whether_sweater/app/poros/road_trip.rb": {
        "lines": [
          1,
          1,
          1,
          1,
          1,
          1,
          1,
          null,
          null,
          1,
          4,
          null,
          null,
          1,
          1,
          1,
          1,
          0,
          0,
          0,
          null,
          0,
          null,
          null,
          null
        ]
      },
      "/Users/drewproebstel/turing/rmodule/whether_sweater/app/serializers/road_trip_serializer.rb": {
        "lines": [
          1,
          1,
          null,
          1,
          null,
          null,
          null,
          null,
          null,
          null,
          null,
          null,
          null,
          null,
          null,
          null,
          null,
          null,
          null,
          null
        ]
      },
      "/Users/drewproebstel/turing/rmodule/whether_sweater/app/controllers/api/v1/session_controller.rb": {
        "lines": [
          1,
          1,
          2,
          2,
          1,
          null,
          1,
          null,
          null,
          null,
          null,
          1,
          0,
          null
        ]
      },
      "/Users/drewproebstel/turing/rmodule/whether_sweater/app/serializers/users_serializer.rb": {
        "lines": [
          1,
          1,
          null,
          1,
          null,
          2,
          null,
          null,
          null,
          null,
          null,
          null,
          null,
          null,
          null,
          null
        ]
      },
      "/Users/drewproebstel/turing/rmodule/whether_sweater/app/controllers/api/v1/user_controller.rb": {
        "lines": [
          1,
          1,
          1,
          1,
          1,
          null,
          0,
          null,
          null,
          null,
          null,
          null,
          1,
          1,
          null
        ]
      }
    },
    "timestamp": 1660095168
  }
}
